
>>> initializing trainer

>>> all results will be saved in ./../result//ch05

>>> defining model

>>> Ready to train !!

>>> start training
-----------------------------------------------------------------
| epoch [ 0/20] | loss: 64.4261 | score: 0.2265 | rap: 27.7337 |
-----------------------------------------------------------------
| epoch [ 1/20] | loss: 8.2720 | score: 0.2376 | rap: 23.3660 |
-----------------------------------------------------------------
| epoch [ 2/20] | loss: 1.6997 | score: 0.9912 | rap: 23.5035 |
-----------------------------------------------------------------
| epoch [ 3/20] | loss: 0.9897 | score: 0.9605 | rap: 23.6037 |
-----------------------------------------------------------------
| epoch [ 4/20] | loss: 0.9351 | score: 0.9528 | rap: 23.1456 |
-----------------------------------------------------------------
| epoch [ 5/20] | loss: 0.9377 | score: 0.9533 | rap: 23.2600 |
-----------------------------------------------------------------
| epoch [ 6/20] | loss: 0.9088 | score: 0.9575 | rap: 23.2266 |
-----------------------------------------------------------------
| epoch [ 7/20] | loss: 0.9484 | score: 0.9558 | rap: 23.1763 |
-----------------------------------------------------------------
| epoch [ 8/20] | loss: 0.9972 | score: 0.9549 | rap: 23.3027 |
-----------------------------------------------------------------
| epoch [ 9/20] | loss: 0.9754 | score: 0.9566 | rap: 23.1760 |
-----------------------------------------------------------------
| epoch [10/20] | loss: 0.9704 | score: 0.9564 | rap: 23.3952 |
-----------------------------------------------------------------
| epoch [11/20] | loss: 0.9172 | score: 0.9566 | rap: 23.3546 |
-----------------------------------------------------------------
| epoch [12/20] | loss: 0.9926 | score: 0.9583 | rap: 23.2080 |
-----------------------------------------------------------------
| epoch [13/20] | loss: 0.9324 | score: 0.9534 | rap: 23.5104 |
-----------------------------------------------------------------
| epoch [14/20] | loss: 0.9655 | score: 0.9650 | rap: 23.1800 |
-----------------------------------------------------------------
| epoch [15/20] | loss: 0.9253 | score: 0.9541 | rap: 23.2107 |
-----------------------------------------------------------------
| epoch [16/20] | loss: 0.9408 | score: 0.9546 | rap: 23.3901 |
-----------------------------------------------------------------
| epoch [17/20] | loss: 1.0768 | score: 0.9560 | rap: 23.3315 |
-----------------------------------------------------------------
| epoch [18/20] | loss: 0.9071 | score: 0.9587 | rap: 23.3958 |
-----------------------------------------------------------------
| epoch [19/20] | loss: 1.0239 | score: 0.9536 | rap: 23.2447 |
-----------------------------------------------------------------
>>>>>> training finished
>>>>>> validation score is 0.991182180994499

>>> start test
>>>>>> visualize Input & Output
>>>>>> calcurate test score
>>>>>> valid score is 0.991182180994499
>>>>>> test score is 0.9822198773329817

>>> Saving all result

>>> all result saved !!

>>> all process completed !!
