
>>> initializing trainer

>>> all results will be saved in ./../result//ch06

>>> defining model

>>> Ready to train !!

>>> start training
-----------------------------------------------------------------
| epoch [ 0/20] | loss: 64.0042 | score: 0.1259 | rap: 26.9430 |
-----------------------------------------------------------------
| epoch [ 1/20] | loss: 8.2020 | score: 0.1583 | rap: 23.1471 |
-----------------------------------------------------------------
| epoch [ 2/20] | loss: 1.6919 | score: 0.9590 | rap: 23.2787 |
-----------------------------------------------------------------
| epoch [ 3/20] | loss: 1.0086 | score: 0.9342 | rap: 23.2776 |
-----------------------------------------------------------------
| epoch [ 4/20] | loss: 0.9457 | score: 0.9278 | rap: 23.0678 |
-----------------------------------------------------------------
| epoch [ 5/20] | loss: 0.9534 | score: 0.9212 | rap: 23.2299 |
-----------------------------------------------------------------
| epoch [ 6/20] | loss: 0.9165 | score: 0.9352 | rap: 23.1889 |
-----------------------------------------------------------------
| epoch [ 7/20] | loss: 0.9768 | score: 0.9313 | rap: 23.2151 |
-----------------------------------------------------------------
| epoch [ 8/20] | loss: 1.0047 | score: 0.9306 | rap: 23.3208 |
-----------------------------------------------------------------
| epoch [ 9/20] | loss: 0.9763 | score: 0.9299 | rap: 23.1672 |
-----------------------------------------------------------------
| epoch [10/20] | loss: 0.9662 | score: 0.9303 | rap: 23.2803 |
-----------------------------------------------------------------
| epoch [11/20] | loss: 0.9211 | score: 0.9296 | rap: 23.3592 |
-----------------------------------------------------------------
| epoch [12/20] | loss: 0.9848 | score: 0.9358 | rap: 23.1589 |
-----------------------------------------------------------------
| epoch [13/20] | loss: 0.9387 | score: 0.9254 | rap: 23.3024 |
-----------------------------------------------------------------
| epoch [14/20] | loss: 0.9656 | score: 0.9371 | rap: 23.3211 |
-----------------------------------------------------------------
| epoch [15/20] | loss: 0.9462 | score: 0.9277 | rap: 23.2927 |
-----------------------------------------------------------------
| epoch [16/20] | loss: 0.9469 | score: 0.9268 | rap: 23.0758 |
-----------------------------------------------------------------
| epoch [17/20] | loss: 1.0669 | score: 0.9322 | rap: 23.0726 |
-----------------------------------------------------------------
| epoch [18/20] | loss: 0.9098 | score: 0.9346 | rap: 23.0308 |
-----------------------------------------------------------------
| epoch [19/20] | loss: 1.0207 | score: 0.9260 | rap: 23.1780 |
-----------------------------------------------------------------
>>>>>> training finished
>>>>>> validation score is 0.9589850070111099

>>> start test
>>>>>> visualize Input & Output
>>>>>> calcurate test score
>>>>>> valid score is 0.9589850070111099
>>>>>> test score is 0.9465277319791598

>>> Saving all result

>>> all result saved !!

>>> all process completed !!
