
>>> initializing trainer

>>> all results will be saved in ./../result//ch02

>>> defining model

>>> Ready to train !!

>>> start training
-----------------------------------------------------------------
| epoch [ 0/20] | loss: 69.4105 | score: 0.1177 | rap: 26.9414 |
-----------------------------------------------------------------
| epoch [ 1/20] | loss: 9.7682 | score: 0.1466 | rap: 23.3969 |
-----------------------------------------------------------------
| epoch [ 2/20] | loss: 1.9472 | score: 0.9697 | rap: 23.2702 |
-----------------------------------------------------------------
| epoch [ 3/20] | loss: 1.0876 | score: 0.9576 | rap: 23.2679 |
-----------------------------------------------------------------
| epoch [ 4/20] | loss: 0.9577 | score: 0.9461 | rap: 23.1603 |
-----------------------------------------------------------------
| epoch [ 5/20] | loss: 0.9699 | score: 0.9443 | rap: 23.0800 |
-----------------------------------------------------------------
| epoch [ 6/20] | loss: 0.9197 | score: 0.9523 | rap: 23.3640 |
-----------------------------------------------------------------
| epoch [ 7/20] | loss: 0.9939 | score: 0.9539 | rap: 23.3248 |
-----------------------------------------------------------------
| epoch [ 8/20] | loss: 1.0362 | score: 0.9492 | rap: 23.1382 |
-----------------------------------------------------------------
| epoch [ 9/20] | loss: 0.9874 | score: 0.9550 | rap: 23.2404 |
-----------------------------------------------------------------
| epoch [10/20] | loss: 1.0159 | score: 0.9504 | rap: 23.5285 |
-----------------------------------------------------------------
| epoch [11/20] | loss: 0.9399 | score: 0.9500 | rap: 23.0235 |
-----------------------------------------------------------------
| epoch [12/20] | loss: 0.9896 | score: 0.9588 | rap: 23.0657 |
-----------------------------------------------------------------
| epoch [13/20] | loss: 0.9524 | score: 0.9437 | rap: 23.1129 |
-----------------------------------------------------------------
| epoch [14/20] | loss: 0.9695 | score: 0.9622 | rap: 23.2111 |
-----------------------------------------------------------------
| epoch [15/20] | loss: 0.9771 | score: 0.9462 | rap: 23.2426 |
-----------------------------------------------------------------
| epoch [16/20] | loss: 0.9516 | score: 0.9491 | rap: 23.1322 |
-----------------------------------------------------------------
| epoch [17/20] | loss: 1.0891 | score: 0.9527 | rap: 23.3187 |
-----------------------------------------------------------------
| epoch [18/20] | loss: 0.9252 | score: 0.9575 | rap: 23.3039 |
-----------------------------------------------------------------
| epoch [19/20] | loss: 1.0185 | score: 0.9425 | rap: 22.9994 |
-----------------------------------------------------------------
>>>>>> training finished
>>>>>> validation score is 0.9697173983389062

>>> start test
>>>>>> visualize Input & Output
>>>>>> calcurate test score
>>>>>> valid score is 0.9697173983389062
>>>>>> test score is 0.9179845676976852

>>> Saving all result

>>> all result saved !!

>>> all process completed !!
