
>>> initializing trainer

>>> all results will be saved in ./../result//ch07

>>> defining model

>>> Ready to train !!

>>> start training
-----------------------------------------------------------------
| epoch [ 0/20] | loss: 64.8681 | score: 0.1195 | rap: 27.4021 |
-----------------------------------------------------------------
| epoch [ 1/20] | loss: 8.3870 | score: 0.1563 | rap: 23.1139 |
-----------------------------------------------------------------
| epoch [ 2/20] | loss: 1.7102 | score: 0.9762 | rap: 23.6882 |
-----------------------------------------------------------------
| epoch [ 3/20] | loss: 1.0106 | score: 0.9677 | rap: 23.3435 |
-----------------------------------------------------------------
| epoch [ 4/20] | loss: 0.9461 | score: 0.9521 | rap: 23.5305 |
-----------------------------------------------------------------
| epoch [ 5/20] | loss: 0.9608 | score: 0.9509 | rap: 23.3540 |
-----------------------------------------------------------------
| epoch [ 6/20] | loss: 0.9160 | score: 0.9652 | rap: 23.2736 |
-----------------------------------------------------------------
| epoch [ 7/20] | loss: 0.9903 | score: 0.9637 | rap: 23.3323 |
-----------------------------------------------------------------
| epoch [ 8/20] | loss: 1.0168 | score: 0.9630 | rap: 23.4732 |
-----------------------------------------------------------------
| epoch [ 9/20] | loss: 0.9740 | score: 0.9651 | rap: 23.3524 |
-----------------------------------------------------------------
| epoch [10/20] | loss: 0.9758 | score: 0.9591 | rap: 23.1512 |
-----------------------------------------------------------------
| epoch [11/20] | loss: 0.9419 | score: 0.9590 | rap: 23.1471 |
-----------------------------------------------------------------
| epoch [12/20] | loss: 0.9793 | score: 0.9764 | rap: 23.1270 |
-----------------------------------------------------------------
| epoch [13/20] | loss: 0.9487 | score: 0.9557 | rap: 23.2402 |
-----------------------------------------------------------------
| epoch [14/20] | loss: 0.9665 | score: 0.9756 | rap: 23.3253 |
-----------------------------------------------------------------
| epoch [15/20] | loss: 0.9606 | score: 0.9586 | rap: 23.5295 |
-----------------------------------------------------------------
| epoch [16/20] | loss: 0.9486 | score: 0.9576 | rap: 23.1915 |
-----------------------------------------------------------------
| epoch [17/20] | loss: 1.0520 | score: 0.9700 | rap: 23.1900 |
-----------------------------------------------------------------
| epoch [18/20] | loss: 0.9157 | score: 0.9729 | rap: 23.3201 |
-----------------------------------------------------------------
| epoch [19/20] | loss: 1.0214 | score: 0.9516 | rap: 23.1694 |
-----------------------------------------------------------------
>>>>>> training finished
>>>>>> validation score is 0.9763509869485493

>>> start test
>>>>>> visualize Input & Output
>>>>>> calcurate test score
>>>>>> valid score is 0.9763509869485493
>>>>>> test score is 0.9649739497460924

>>> Saving all result

>>> all result saved !!

>>> all process completed !!
