
>>> initializing trainer

>>> all results will be saved in ./../result//ch00

>>> defining model

>>> Ready to train !!

>>> start training
-----------------------------------------------------------------
| epoch [ 0/20] | loss: 70.3313 | score: 0.1289 | rap: 26.0535 |
-----------------------------------------------------------------
| epoch [ 1/20] | loss: 9.9520 | score: 0.1521 | rap: 22.9047 |
-----------------------------------------------------------------
| epoch [ 2/20] | loss: 1.9848 | score: 0.9768 | rap: 23.0383 |
-----------------------------------------------------------------
| epoch [ 3/20] | loss: 1.0584 | score: 0.9753 | rap: 22.8330 |
-----------------------------------------------------------------
| epoch [ 4/20] | loss: 0.9529 | score: 0.9702 | rap: 22.9364 |
-----------------------------------------------------------------
| epoch [ 5/20] | loss: 0.9517 | score: 0.9694 | rap: 22.9328 |
-----------------------------------------------------------------
| epoch [ 6/20] | loss: 0.9117 | score: 0.9770 | rap: 23.0345 |
-----------------------------------------------------------------
| epoch [ 7/20] | loss: 0.9832 | score: 0.9759 | rap: 23.1778 |
-----------------------------------------------------------------
| epoch [ 8/20] | loss: 1.0333 | score: 0.9744 | rap: 23.0116 |
-----------------------------------------------------------------
| epoch [ 9/20] | loss: 0.9897 | score: 0.9747 | rap: 23.2427 |
-----------------------------------------------------------------
| epoch [10/20] | loss: 0.9887 | score: 0.9740 | rap: 23.0253 |
-----------------------------------------------------------------
| epoch [11/20] | loss: 0.9348 | score: 0.9727 | rap: 22.9939 |
-----------------------------------------------------------------
| epoch [12/20] | loss: 0.9963 | score: 0.9803 | rap: 22.8718 |
-----------------------------------------------------------------
| epoch [13/20] | loss: 0.9704 | score: 0.9686 | rap: 22.9107 |
-----------------------------------------------------------------
| epoch [14/20] | loss: 0.9668 | score: 0.9779 | rap: 22.7103 |
-----------------------------------------------------------------
| epoch [15/20] | loss: 0.9589 | score: 0.9705 | rap: 22.7474 |
-----------------------------------------------------------------
| epoch [16/20] | loss: 0.9389 | score: 0.9718 | rap: 22.8599 |
-----------------------------------------------------------------
| epoch [17/20] | loss: 1.0712 | score: 0.9793 | rap: 22.9661 |
-----------------------------------------------------------------
| epoch [18/20] | loss: 0.9189 | score: 0.9812 | rap: 22.9822 |
-----------------------------------------------------------------
| epoch [19/20] | loss: 1.0263 | score: 0.9684 | rap: 23.1620 |
-----------------------------------------------------------------
>>>>>> training finished
>>>>>> validation score is 0.9811509006579657

>>> start test
>>>>>> visualize Input & Output
>>>>>> calcurate test score
>>>>>> valid score is 0.9811509006579657
>>>>>> test score is 0.957501813625272

>>> Saving all result

>>> all result saved !!

>>> all process completed !!
