
>>> initializing trainer

>>> all results will be saved in ./../result//ch04

>>> defining model

>>> Ready to train !!

>>> start training
-----------------------------------------------------------------
| epoch [ 0/20] | loss: 67.1825 | score: 0.1994 | rap: 26.8071 |
-----------------------------------------------------------------
| epoch [ 1/20] | loss: 8.7487 | score: 0.2288 | rap: 23.1584 |
-----------------------------------------------------------------
| epoch [ 2/20] | loss: 1.7333 | score: 0.9882 | rap: 23.1531 |
-----------------------------------------------------------------
| epoch [ 3/20] | loss: 1.0266 | score: 0.9588 | rap: 23.1447 |
-----------------------------------------------------------------
| epoch [ 4/20] | loss: 0.9425 | score: 0.9534 | rap: 23.1466 |
-----------------------------------------------------------------
| epoch [ 5/20] | loss: 0.9339 | score: 0.9541 | rap: 23.1960 |
-----------------------------------------------------------------
| epoch [ 6/20] | loss: 0.9132 | score: 0.9548 | rap: 23.2336 |
-----------------------------------------------------------------
| epoch [ 7/20] | loss: 0.9708 | score: 0.9545 | rap: 23.2143 |
-----------------------------------------------------------------
| epoch [ 8/20] | loss: 1.0321 | score: 0.9547 | rap: 23.1989 |
-----------------------------------------------------------------
| epoch [ 9/20] | loss: 0.9869 | score: 0.9556 | rap: 23.1273 |
-----------------------------------------------------------------
| epoch [10/20] | loss: 0.9837 | score: 0.9564 | rap: 23.0265 |
-----------------------------------------------------------------
| epoch [11/20] | loss: 0.9259 | score: 0.9567 | rap: 22.9516 |
-----------------------------------------------------------------
| epoch [12/20] | loss: 1.0010 | score: 0.9559 | rap: 23.2200 |
-----------------------------------------------------------------
| epoch [13/20] | loss: 0.9397 | score: 0.9539 | rap: 23.3525 |
-----------------------------------------------------------------
| epoch [14/20] | loss: 0.9946 | score: 0.9593 | rap: 23.4159 |
-----------------------------------------------------------------
| epoch [15/20] | loss: 0.9500 | score: 0.9543 | rap: 23.1473 |
-----------------------------------------------------------------
| epoch [16/20] | loss: 0.9396 | score: 0.9557 | rap: 23.4668 |
-----------------------------------------------------------------
| epoch [17/20] | loss: 1.1096 | score: 0.9557 | rap: 23.4864 |
-----------------------------------------------------------------
| epoch [18/20] | loss: 0.9107 | score: 0.9557 | rap: 23.2409 |
-----------------------------------------------------------------
| epoch [19/20] | loss: 1.0304 | score: 0.9543 | rap: 23.3905 |
-----------------------------------------------------------------
>>>>>> training finished
>>>>>> validation score is 0.9881620105705965

>>> start test
>>>>>> visualize Input & Output
>>>>>> calcurate test score
>>>>>> valid score is 0.9881620105705965
>>>>>> test score is 0.9776033766405064

>>> Saving all result

>>> all result saved !!

>>> all process completed !!
