
>>> initializing trainer

>>> all results will be saved in ./../result//ch03

>>> defining model

>>> Ready to train !!

>>> start training
-----------------------------------------------------------------
| epoch [ 0/20] | loss: 68.6753 | score: 0.1547 | rap: 27.3653 |
-----------------------------------------------------------------
| epoch [ 1/20] | loss: 9.6381 | score: 0.2175 | rap: 23.4171 |
-----------------------------------------------------------------
| epoch [ 2/20] | loss: 1.8924 | score: 0.9925 | rap: 23.4429 |
-----------------------------------------------------------------
| epoch [ 3/20] | loss: 1.0570 | score: 0.9682 | rap: 23.1205 |
-----------------------------------------------------------------
| epoch [ 4/20] | loss: 0.9547 | score: 0.9577 | rap: 23.5885 |
-----------------------------------------------------------------
| epoch [ 5/20] | loss: 0.9524 | score: 0.9569 | rap: 23.2186 |
-----------------------------------------------------------------
| epoch [ 6/20] | loss: 0.9302 | score: 0.9613 | rap: 23.5358 |
-----------------------------------------------------------------
| epoch [ 7/20] | loss: 0.9784 | score: 0.9592 | rap: 23.3695 |
-----------------------------------------------------------------
| epoch [ 8/20] | loss: 1.0230 | score: 0.9592 | rap: 23.3019 |
-----------------------------------------------------------------
| epoch [ 9/20] | loss: 0.9959 | score: 0.9624 | rap: 23.3131 |
-----------------------------------------------------------------
| epoch [10/20] | loss: 1.0036 | score: 0.9621 | rap: 23.2643 |
-----------------------------------------------------------------
| epoch [11/20] | loss: 0.9436 | score: 0.9610 | rap: 23.3384 |
-----------------------------------------------------------------
| epoch [12/20] | loss: 1.0050 | score: 0.9630 | rap: 23.3940 |
-----------------------------------------------------------------
| epoch [13/20] | loss: 0.9451 | score: 0.9568 | rap: 23.4507 |
-----------------------------------------------------------------
| epoch [14/20] | loss: 0.9770 | score: 0.9672 | rap: 23.4788 |
-----------------------------------------------------------------
| epoch [15/20] | loss: 0.9608 | score: 0.9592 | rap: 23.3580 |
-----------------------------------------------------------------
| epoch [16/20] | loss: 0.9522 | score: 0.9600 | rap: 23.4380 |
-----------------------------------------------------------------
| epoch [17/20] | loss: 1.1178 | score: 0.9608 | rap: 23.3995 |
-----------------------------------------------------------------
| epoch [18/20] | loss: 0.9223 | score: 0.9647 | rap: 23.3382 |
-----------------------------------------------------------------
| epoch [19/20] | loss: 1.0259 | score: 0.9584 | rap: 23.4482 |
-----------------------------------------------------------------
>>>>>> training finished
>>>>>> validation score is 0.9924765397476001

>>> start test
>>>>>> visualize Input & Output
>>>>>> calcurate test score
>>>>>> valid score is 0.9924765397476001
>>>>>> test score is 0.9843302776495417

>>> Saving all result

>>> all result saved !!

>>> all process completed !!
