
>>> initializing trainer

>>> all results will be saved in ./../result//ch01

>>> defining model

>>> Ready to train !!

>>> start training
-----------------------------------------------------------------
| epoch [ 0/20] | loss: 69.3531 | score: 0.0987 | rap: 27.3762 |
-----------------------------------------------------------------
| epoch [ 1/20] | loss: 9.9411 | score: 0.1285 | rap: 23.3957 |
-----------------------------------------------------------------
| epoch [ 2/20] | loss: 1.9317 | score: 0.9226 | rap: 23.3586 |
-----------------------------------------------------------------
| epoch [ 3/20] | loss: 1.0697 | score: 0.9526 | rap: 23.1666 |
-----------------------------------------------------------------
| epoch [ 4/20] | loss: 0.9569 | score: 0.9440 | rap: 23.3861 |
-----------------------------------------------------------------
| epoch [ 5/20] | loss: 0.9573 | score: 0.9421 | rap: 23.2088 |
-----------------------------------------------------------------
| epoch [ 6/20] | loss: 0.9099 | score: 0.9501 | rap: 23.1679 |
-----------------------------------------------------------------
| epoch [ 7/20] | loss: 0.9800 | score: 0.9479 | rap: 23.2052 |
-----------------------------------------------------------------
| epoch [ 8/20] | loss: 1.0142 | score: 0.9474 | rap: 23.2107 |
-----------------------------------------------------------------
| epoch [ 9/20] | loss: 0.9695 | score: 0.9478 | rap: 23.1905 |
-----------------------------------------------------------------
| epoch [10/20] | loss: 0.9966 | score: 0.9457 | rap: 23.2959 |
-----------------------------------------------------------------
| epoch [11/20] | loss: 0.9314 | score: 0.9445 | rap: 23.4339 |
-----------------------------------------------------------------
| epoch [12/20] | loss: 0.9907 | score: 0.9547 | rap: 23.2402 |
-----------------------------------------------------------------
| epoch [13/20] | loss: 0.9403 | score: 0.9446 | rap: 23.4477 |
-----------------------------------------------------------------
| epoch [14/20] | loss: 0.9496 | score: 0.9553 | rap: 23.0952 |
-----------------------------------------------------------------
| epoch [15/20] | loss: 0.9644 | score: 0.9445 | rap: 23.2013 |
-----------------------------------------------------------------
| epoch [16/20] | loss: 0.9363 | score: 0.9462 | rap: 23.2248 |
-----------------------------------------------------------------
| epoch [17/20] | loss: 1.0635 | score: 0.9500 | rap: 23.2952 |
-----------------------------------------------------------------
| epoch [18/20] | loss: 0.9212 | score: 0.9541 | rap: 23.6065 |
-----------------------------------------------------------------
| epoch [19/20] | loss: 1.0232 | score: 0.9416 | rap: 23.4151 |
-----------------------------------------------------------------
>>>>>> training finished
>>>>>> validation score is 0.9553446230180132

>>> start test
>>>>>> visualize Input & Output
>>>>>> calcurate test score
>>>>>> valid score is 0.9553446230180132
>>>>>> test score is 0.9436193365429005

>>> Saving all result

>>> all result saved !!

>>> all process completed !!
